<?xml version="1.0" encoding="UTF-8"?>
<testsuite name="guru.qa.LamodaTests" tests="7" skipped="0" failures="0" errors="0" timestamp="2023-01-18T22:32:48" hostname="192.168.100.3" time="16.158">
  <properties/>
  <testcase name="Проверка наличия текста Товары по запросу «платья»в результатах поиска по слову {0}" classname="guru.qa.LamodaTests" time="6.565"/>
  <testcase name="Проверка наличия текста Товары по запросу «джинсы»в результатах поиска по слову {0}" classname="guru.qa.LamodaTests" time="2.692"/>
  <testcase name="Проверка наличия подкатегорий из списка [Новинки, Одежда, Обувь, Аксессуары, Бренды, Premium, Спорт, Красота, Блог, Sale%] на сайте в категории Женщинам" classname="guru.qa.LamodaTests" time="2.383"/>
  <testcase name="Проверка наличия подкатегорий из списка [Школа, Новинки, Девочкам, Мальчикам, Малышам, Бренды, Premium, Спорт, Уход, Sale%] на сайте в категории Детям" classname="guru.qa.LamodaTests" time="1.914"/>
  <testcase name="Проверка наличия категорий Женщинам на главной странице Lamoda" classname="guru.qa.LamodaTests" time="0.802"/>
  <testcase name="Проверка наличия категорий Мужчинам на главной странице Lamoda" classname="guru.qa.LamodaTests" time="0.925"/>
  <testcase name="Проверка наличия категорий Детям на главной странице Lamoda" classname="guru.qa.LamodaTests" time="0.864"/>
  <system-out><![CDATA[]]></system-out>
  <system-err><![CDATA[SLF4J: No SLF4J providers were found.
SLF4J: Defaulting to no-operation (NOP) logger implementation
SLF4J: See https://www.slf4j.org/codes.html#noProviders for further details.
Starting ChromeDriver 109.0.5414.74 (e7c5703604daa9cc128ccf5a5d3e993513758913-refs/branch-heads/5414@{#1172}) on port 29346
Only local connections are allowed.
Please see https://chromedriver.chromium.org/security-considerations for suggestions on keeping ChromeDriver safe.
ChromeDriver was started successfully.
Jan 19, 2023 1:32:51 AM org.openqa.selenium.devtools.CdpVersionFinder findNearestMatch
WARNING: Unable to find an exact match for CDP version 109, so returning the closest version found: 107
]]></system-err>
</testsuite>
